<?xml version="1.0" encoding="UTF-8"?>
<testsuite xmlns:xsi="http://www.w3.org/2001/XMLSchema-instance" xsi:noNamespaceSchemaLocation="https://maven.apache.org/surefire/maven-surefire-plugin/xsd/surefire-test-report.xsd" version="3.0.2" name="example1.RuleTest" time="1.108" tests="1" errors="1" skipped="0" failures="0">
  <properties>
[...]
</properties>
  <testcase name="testForDroolsGroup" classname="example1.RuleTest" time="1.079">
    <error message="Cannot invoke &quot;org.drools.core.reteoo.AbstractTuple.setPrevious(org.drools.core.reteoo.Tuple)&quot; because &quot;next&quot; is null" type="java.lang.NullPointerException"><![CDATA[java.lang.NullPointerException: Cannot invoke "org.drools.core.reteoo.AbstractTuple.setPrevious(org.drools.core.reteoo.Tuple)" because "next" is null
	at org.drools.core.util.index.TupleList.removeAdd(TupleList.java:96)
	at org.drools.core.phreak.RuleNetworkEvaluator.doUpdatesReorderRightMemory(RuleNetworkEvaluator.java:864)
	at org.drools.core.phreak.PhreakAccumulateNode.doNode(PhreakAccumulateNode.java:73)
	at org.drools.core.phreak.RuleNetworkEvaluator.switchOnDoBetaNode(RuleNetworkEvaluator.java:595)
	at org.drools.core.phreak.RuleNetworkEvaluator.evalBetaNode(RuleNetworkEvaluator.java:562)
	at org.drools.core.phreak.RuleNetworkEvaluator.evalNode(RuleNetworkEvaluator.java:389)
	at org.drools.core.phreak.RuleNetworkEvaluator.innerEval(RuleNetworkEvaluator.java:349)
	at org.drools.core.phreak.RuleNetworkEvaluator.evalStackEntry(RuleNetworkEvaluator.java:247)
	at org.drools.core.phreak.RuleNetworkEvaluator.outerEval(RuleNetworkEvaluator.java:190)
	at org.drools.core.phreak.RuleNetworkEvaluator.evaluateNetwork(RuleNetworkEvaluator.java:143)
	at org.drools.core.phreak.RuleExecutor.evaluateNetwork(RuleExecutor.java:221)
	at org.drools.kiesession.agenda.DefaultAgenda.evaluateEagerList(DefaultAgenda.java:501)
	at org.drools.core.phreak.RuleExecutor.haltRuleFiring(RuleExecutor.java:270)
	at org.drools.core.phreak.RuleExecutor.fire(RuleExecutor.java:167)
	at org.drools.core.phreak.RuleExecutor.evaluateNetworkAndFire(RuleExecutor.java:83)
	at org.drools.core.concurrent.AbstractGroupEvaluator.evaluateAndFire(AbstractGroupEvaluator.java:46)
	at org.drools.kiesession.agenda.DefaultAgenda.fireLoop(DefaultAgenda.java:624)
	at org.drools.kiesession.agenda.DefaultAgenda.internalFireAllRules(DefaultAgenda.java:571)
	at org.drools.kiesession.agenda.DefaultAgenda.fireAllRules(DefaultAgenda.java:563)
	at org.drools.kiesession.session.StatefulKnowledgeSessionImpl.internalFireAllRules(StatefulKnowledgeSessionImpl.java:1088)
	at org.drools.kiesession.session.StatefulKnowledgeSessionImpl.fireAllRules(StatefulKnowledgeSessionImpl.java:1079)
	at org.drools.kiesession.session.StatefulKnowledgeSessionImpl.fireAllRules(StatefulKnowledgeSessionImpl.java:1063)
	at example1.RuleTest.testForDroolsGroup(RuleTest.java:34)
	at java.base/jdk.internal.reflect.DirectMethodHandleAccessor.invoke(DirectMethodHandleAccessor.java:103)
	at java.base/java.lang.reflect.Method.invoke(Method.java:580)
	at org.junit.runners.model.FrameworkMethod$1.runReflectiveCall(FrameworkMethod.java:59)
	at org.junit.internal.runners.model.ReflectiveCallable.run(ReflectiveCallable.java:12)
	at org.junit.runners.model.FrameworkMethod.invokeExplosively(FrameworkMethod.java:56)
	at org.junit.internal.runners.statements.InvokeMethod.evaluate(InvokeMethod.java:17)
	at org.junit.runners.ParentRunner$3.evaluate(ParentRunner.java:306)
	at org.junit.runners.BlockJUnit4ClassRunner$1.evaluate(BlockJUnit4ClassRunner.java:100)
	at org.junit.runners.ParentRunner.runLeaf(ParentRunner.java:366)
	at org.junit.runners.BlockJUnit4ClassRunner.runChild(BlockJUnit4ClassRunner.java:103)
	at org.junit.runners.BlockJUnit4ClassRunner.runChild(BlockJUnit4ClassRunner.java:63)
	at org.junit.runners.ParentRunner$4.run(ParentRunner.java:331)
	at org.junit.runners.ParentRunner$1.schedule(ParentRunner.java:79)
	at org.junit.runners.ParentRunner.runChildren(ParentRunner.java:329)
	at org.junit.runners.ParentRunner.access$100(ParentRunner.java:66)
	at org.junit.runners.ParentRunner$2.evaluate(ParentRunner.java:293)
	at org.junit.runners.ParentRunner$3.evaluate(ParentRunner.java:306)
	at org.junit.runners.ParentRunner.run(ParentRunner.java:413)
	at org.apache.maven.surefire.junit4.JUnit4Provider.execute(JUnit4Provider.java:316)
	at org.apache.maven.surefire.junit4.JUnit4Provider.executeWithRerun(JUnit4Provider.java:240)
	at org.apache.maven.surefire.junit4.JUnit4Provider.executeTestSet(JUnit4Provider.java:214)
	at org.apache.maven.surefire.junit4.JUnit4Provider.invoke(JUnit4Provider.java:155)
	at org.apache.maven.surefire.booter.ForkedBooter.runSuitesInProcess(ForkedBooter.java:385)
	at org.apache.maven.surefire.booter.ForkedBooter.execute(ForkedBooter.java:162)
	at org.apache.maven.surefire.booter.ForkedBooter.run(ForkedBooter.java:507)
	at org.apache.maven.surefire.booter.ForkedBooter.main(ForkedBooter.java:495)
]]></error>
    <system-out><![CDATA[2025-03-29 10:01:36,950 [main] INFO  Found kmodule: file:/Users/nontster/Downloads/drools-sample/target/classes/META-INF/kmodule.xml
2025-03-29 10:01:37,076 [main] WARN  Unable to find pom.properties in /Users/nontster/Downloads/drools-sample/target/classes
2025-03-29 10:01:37,082 [main] WARN  Environment variable M2_HOME is not set
2025-03-29 10:01:37,731 [main] INFO  Recursed up folders, found and used pom.xml /Users/nontster/Downloads/drools-sample/pom.xml
2025-03-29 10:01:37,733 [main] INFO  Creating KieModule for artifact example1:drools-group:1.0
2025-03-29 10:01:37,736 [main] INFO  Artifact example1:drools-group:1.0 has executable model
2025-03-29 10:01:37,738 [main] INFO  Start creation of KieBase: cart
2025-03-29 10:01:37,892 [main] INFO  End creation of KieBase: cart
=========================>Effected 
]]></system-out>
  </testcase>
</testsuite>